GLPK 4.65 - SENSITIVITY ANALYSIS REPORT                                                                         Page   1

Problem:    math
Objective:  z = 57 (MAXimum)

   No. Row name     St      Activity         Slack   Lower bound       Activity      Obj coef  Obj value at Limiting
                                          Marginal   Upper bound          range         range   break point variable
------ ------------ -- ------------- ------------- -------------  ------------- ------------- ------------- ------------
     1 z            BS      57.00000     -57.00000          -Inf       24.00000      -1.00000        .      c1
                                            .               +Inf       57.00000          +Inf          +Inf

     2 c1           NU      21.00000        .               -Inf        6.00000      -2.20000      24.00000 Jaqueta
                                           2.20000      21.00000       36.00000          +Inf      90.00000 Bermuda

     3 c2           NU      18.00000        .               -Inf       10.50000       -.60000      52.50000 Bermuda
                                            .60000      18.00000       63.00000          +Inf      84.00000 Jaqueta

GLPK 4.65 - SENSITIVITY ANALYSIS REPORT                                                                         Page   2

Problem:    math
Objective:  z = 57 (MAXimum)

   No. Column name  St      Activity      Obj coef   Lower bound       Activity      Obj coef  Obj value at Limiting
                                          Marginal   Upper bound          range         range   break point variable
------ ------------ -- ------------- ------------- -------------  ------------- ------------- ------------- ------------
     1 Bermuda      BS       3.00000       4.00000        .                -Inf       2.50000      52.50000 c2
                                            .               +Inf        6.00000      15.00000      90.00000 c1

     2 Jaqueta      BS       9.00000       5.00000        .                -Inf       1.33333      24.00000 c1
                                            .               +Inf       10.50000       8.00000      84.00000 c2

End of report
